[1.348s] DEBUG:colcon:Command line arguments: ['/usr/bin/colcon', 'list', '-p', '--base-paths', '/home/ros2-foxy/colcon_ws/src/OUTDOOR_NAV2']
[1.348s] DEBUG:colcon:Parsed command line arguments: Namespace(base_paths=['/home/ros2-foxy/colcon_ws/src/OUTDOOR_NAV2'], build_base='build', ignore_user_meta=False, log_base=None, log_level=None, main=<bound method ListVerb.main of <colcon_package_information.verb.list.ListVerb object at 0x7ff8a7457d60>>, metas=['./colcon.meta'], names_only=False, packages_above=None, packages_above_and_dependencies=None, packages_above_depth=None, packages_end=None, packages_ignore=None, packages_ignore_regex=None, packages_select=None, packages_select_build_failed=False, packages_select_by_dep=None, packages_select_regex=None, packages_select_test_failures=False, packages_skip=None, packages_skip_build_finished=False, packages_skip_by_dep=None, packages_skip_regex=None, packages_skip_test_passed=False, packages_skip_up_to=None, packages_start=None, packages_up_to=None, packages_up_to_regex=None, paths=None, paths_only=True, topological_graph=False, topological_graph_density=False, topological_graph_dot=False, topological_graph_dot_cluster=False, topological_graph_dot_include_skipped=False, topological_graph_legend=False, topological_order=False, verb_extension=<colcon_package_information.verb.list.ListVerb object at 0x7ff8a7457d60>, verb_name='list', verb_parser=<colcon_defaults.argument_parser.defaults.DefaultArgumentsDecorator object at 0x7ff8a7333820>)
[2.981s] Level 1:colcon.colcon_core.package_discovery:discover_packages(colcon_meta) check parameters
[2.982s] Level 1:colcon.colcon_core.package_discovery:discover_packages(recursive) check parameters
[2.982s] Level 1:colcon.colcon_core.package_discovery:discover_packages(ignore) check parameters
[2.982s] Level 1:colcon.colcon_core.package_discovery:discover_packages(path) check parameters
[2.982s] Level 1:colcon.colcon_core.package_discovery:discover_packages(recursive) discover
[2.983s] INFO:colcon.colcon_core.package_discovery:Crawling recursively for packages in '/home/ros2-foxy/colcon_ws/src/OUTDOOR_NAV2'
[2.983s] Level 1:colcon.colcon_core.package_identification:_identify(/home/ros2-foxy/colcon_ws/src/OUTDOOR_NAV2) by extensions ['ignore', 'ignore_ament_install']
[2.984s] Level 1:colcon.colcon_core.package_identification:_identify(/home/ros2-foxy/colcon_ws/src/OUTDOOR_NAV2) by extension 'ignore'
[2.984s] Level 1:colcon.colcon_core.package_identification:_identify(/home/ros2-foxy/colcon_ws/src/OUTDOOR_NAV2) by extension 'ignore_ament_install'
[2.984s] Level 1:colcon.colcon_core.package_identification:_identify(/home/ros2-foxy/colcon_ws/src/OUTDOOR_NAV2) by extensions ['colcon_pkg']
[2.984s] Level 1:colcon.colcon_core.package_identification:_identify(/home/ros2-foxy/colcon_ws/src/OUTDOOR_NAV2) by extension 'colcon_pkg'
[2.985s] Level 1:colcon.colcon_core.package_identification:_identify(/home/ros2-foxy/colcon_ws/src/OUTDOOR_NAV2) by extensions ['colcon_meta']
[2.985s] Level 1:colcon.colcon_core.package_identification:_identify(/home/ros2-foxy/colcon_ws/src/OUTDOOR_NAV2) by extension 'colcon_meta'
[2.985s] Level 1:colcon.colcon_core.package_identification:_identify(/home/ros2-foxy/colcon_ws/src/OUTDOOR_NAV2) by extensions ['ros']
[2.985s] Level 1:colcon.colcon_core.package_identification:_identify(/home/ros2-foxy/colcon_ws/src/OUTDOOR_NAV2) by extension 'ros'
[3.277s] Level 1:colcon.colcon_core.package_identification:_identify(/home/ros2-foxy/colcon_ws/src/OUTDOOR_NAV2) by extensions ['cmake', 'python']
[3.277s] Level 1:colcon.colcon_core.package_identification:_identify(/home/ros2-foxy/colcon_ws/src/OUTDOOR_NAV2) by extension 'cmake'
[3.277s] Level 1:colcon.colcon_core.package_identification:_identify(/home/ros2-foxy/colcon_ws/src/OUTDOOR_NAV2) by extension 'python'
[3.277s] Level 1:colcon.colcon_core.package_identification:_identify(/home/ros2-foxy/colcon_ws/src/OUTDOOR_NAV2) by extensions ['python_setup_py']
[3.278s] Level 1:colcon.colcon_core.package_identification:_identify(/home/ros2-foxy/colcon_ws/src/OUTDOOR_NAV2) by extension 'python_setup_py'
[3.278s] Level 1:colcon.colcon_core.package_identification:_identify(/home/ros2-foxy/colcon_ws/src/OUTDOOR_NAV2/assets) by extensions ['ignore', 'ignore_ament_install']
[3.278s] Level 1:colcon.colcon_core.package_identification:_identify(/home/ros2-foxy/colcon_ws/src/OUTDOOR_NAV2/assets) by extension 'ignore'
[3.278s] Level 1:colcon.colcon_core.package_identification:_identify(/home/ros2-foxy/colcon_ws/src/OUTDOOR_NAV2/assets) by extension 'ignore_ament_install'
[3.279s] Level 1:colcon.colcon_core.package_identification:_identify(/home/ros2-foxy/colcon_ws/src/OUTDOOR_NAV2/assets) by extensions ['colcon_pkg']
[3.279s] Level 1:colcon.colcon_core.package_identification:_identify(/home/ros2-foxy/colcon_ws/src/OUTDOOR_NAV2/assets) by extension 'colcon_pkg'
[3.279s] Level 1:colcon.colcon_core.package_identification:_identify(/home/ros2-foxy/colcon_ws/src/OUTDOOR_NAV2/assets) by extensions ['colcon_meta']
[3.279s] Level 1:colcon.colcon_core.package_identification:_identify(/home/ros2-foxy/colcon_ws/src/OUTDOOR_NAV2/assets) by extension 'colcon_meta'
[3.279s] Level 1:colcon.colcon_core.package_identification:_identify(/home/ros2-foxy/colcon_ws/src/OUTDOOR_NAV2/assets) by extensions ['ros']
[3.279s] Level 1:colcon.colcon_core.package_identification:_identify(/home/ros2-foxy/colcon_ws/src/OUTDOOR_NAV2/assets) by extension 'ros'
[3.279s] Level 1:colcon.colcon_core.package_identification:_identify(/home/ros2-foxy/colcon_ws/src/OUTDOOR_NAV2/assets) by extensions ['cmake', 'python']
[3.279s] Level 1:colcon.colcon_core.package_identification:_identify(/home/ros2-foxy/colcon_ws/src/OUTDOOR_NAV2/assets) by extension 'cmake'
[3.279s] Level 1:colcon.colcon_core.package_identification:_identify(/home/ros2-foxy/colcon_ws/src/OUTDOOR_NAV2/assets) by extension 'python'
[3.279s] Level 1:colcon.colcon_core.package_identification:_identify(/home/ros2-foxy/colcon_ws/src/OUTDOOR_NAV2/assets) by extensions ['python_setup_py']
[3.279s] Level 1:colcon.colcon_core.package_identification:_identify(/home/ros2-foxy/colcon_ws/src/OUTDOOR_NAV2/assets) by extension 'python_setup_py'
[3.280s] Level 1:colcon.colcon_core.package_identification:_identify(/home/ros2-foxy/colcon_ws/src/OUTDOOR_NAV2/botanbot_archived_packages) by extensions ['ignore', 'ignore_ament_install']
[3.280s] Level 1:colcon.colcon_core.package_identification:_identify(/home/ros2-foxy/colcon_ws/src/OUTDOOR_NAV2/botanbot_archived_packages) by extension 'ignore'
[3.280s] Level 1:colcon.colcon_core.package_identification:_identify(/home/ros2-foxy/colcon_ws/src/OUTDOOR_NAV2/botanbot_archived_packages) by extension 'ignore_ament_install'
[3.280s] Level 1:colcon.colcon_core.package_identification:_identify(/home/ros2-foxy/colcon_ws/src/OUTDOOR_NAV2/botanbot_archived_packages) by extensions ['colcon_pkg']
[3.280s] Level 1:colcon.colcon_core.package_identification:_identify(/home/ros2-foxy/colcon_ws/src/OUTDOOR_NAV2/botanbot_archived_packages) by extension 'colcon_pkg'
[3.280s] Level 1:colcon.colcon_core.package_identification:_identify(/home/ros2-foxy/colcon_ws/src/OUTDOOR_NAV2/botanbot_archived_packages) by extensions ['colcon_meta']
[3.280s] Level 1:colcon.colcon_core.package_identification:_identify(/home/ros2-foxy/colcon_ws/src/OUTDOOR_NAV2/botanbot_archived_packages) by extension 'colcon_meta'
[3.281s] Level 1:colcon.colcon_core.package_identification:_identify(/home/ros2-foxy/colcon_ws/src/OUTDOOR_NAV2/botanbot_archived_packages) by extensions ['ros']
[3.281s] Level 1:colcon.colcon_core.package_identification:_identify(/home/ros2-foxy/colcon_ws/src/OUTDOOR_NAV2/botanbot_archived_packages) by extension 'ros'
[3.281s] Level 1:colcon.colcon_core.package_identification:_identify(/home/ros2-foxy/colcon_ws/src/OUTDOOR_NAV2/botanbot_archived_packages) by extensions ['cmake', 'python']
[3.281s] Level 1:colcon.colcon_core.package_identification:_identify(/home/ros2-foxy/colcon_ws/src/OUTDOOR_NAV2/botanbot_archived_packages) by extension 'cmake'
[3.281s] Level 1:colcon.colcon_core.package_identification:_identify(/home/ros2-foxy/colcon_ws/src/OUTDOOR_NAV2/botanbot_archived_packages) by extension 'python'
[3.281s] Level 1:colcon.colcon_core.package_identification:_identify(/home/ros2-foxy/colcon_ws/src/OUTDOOR_NAV2/botanbot_archived_packages) by extensions ['python_setup_py']
[3.281s] Level 1:colcon.colcon_core.package_identification:_identify(/home/ros2-foxy/colcon_ws/src/OUTDOOR_NAV2/botanbot_archived_packages) by extension 'python_setup_py'
[3.281s] Level 1:colcon.colcon_core.package_identification:_identify(/home/ros2-foxy/colcon_ws/src/OUTDOOR_NAV2/botanbot_archived_packages/archived_botanbot_cartographer) by extensions ['ignore', 'ignore_ament_install']
[3.282s] Level 1:colcon.colcon_core.package_identification:_identify(/home/ros2-foxy/colcon_ws/src/OUTDOOR_NAV2/botanbot_archived_packages/archived_botanbot_cartographer) by extension 'ignore'
[3.282s] Level 1:colcon.colcon_core.package_identification:_identify(/home/ros2-foxy/colcon_ws/src/OUTDOOR_NAV2/botanbot_archived_packages/archived_botanbot_cartographer) by extension 'ignore_ament_install'
[3.282s] Level 1:colcon.colcon_core.package_identification:_identify(/home/ros2-foxy/colcon_ws/src/OUTDOOR_NAV2/botanbot_archived_packages/archived_botanbot_cartographer) by extensions ['colcon_pkg']
[3.282s] Level 1:colcon.colcon_core.package_identification:_identify(/home/ros2-foxy/colcon_ws/src/OUTDOOR_NAV2/botanbot_archived_packages/archived_botanbot_cartographer) by extension 'colcon_pkg'
[3.282s] Level 1:colcon.colcon_core.package_identification:_identify(/home/ros2-foxy/colcon_ws/src/OUTDOOR_NAV2/botanbot_archived_packages/archived_botanbot_cartographer) by extensions ['colcon_meta']
[3.282s] Level 1:colcon.colcon_core.package_identification:_identify(/home/ros2-foxy/colcon_ws/src/OUTDOOR_NAV2/botanbot_archived_packages/archived_botanbot_cartographer) by extension 'colcon_meta'
[3.282s] Level 1:colcon.colcon_core.package_identification:_identify(/home/ros2-foxy/colcon_ws/src/OUTDOOR_NAV2/botanbot_archived_packages/archived_botanbot_cartographer) by extensions ['ros']
[3.282s] Level 1:colcon.colcon_core.package_identification:_identify(/home/ros2-foxy/colcon_ws/src/OUTDOOR_NAV2/botanbot_archived_packages/archived_botanbot_cartographer) by extension 'ros'
[3.380s] DEBUG:colcon.colcon_core.package_identification:Package '/home/ros2-foxy/colcon_ws/src/OUTDOOR_NAV2/botanbot_archived_packages/archived_botanbot_cartographer' with type 'ros.ament_cmake' and name 'archived_botanbot_cartographer'
[3.381s] Level 1:colcon.colcon_core.package_identification:_identify(/home/ros2-foxy/colcon_ws/src/OUTDOOR_NAV2/botanbot_archived_packages/archived_botanbot_grid_map) by extensions ['ignore', 'ignore_ament_install']
[3.381s] Level 1:colcon.colcon_core.package_identification:_identify(/home/ros2-foxy/colcon_ws/src/OUTDOOR_NAV2/botanbot_archived_packages/archived_botanbot_grid_map) by extension 'ignore'
[3.382s] Level 1:colcon.colcon_core.package_identification:_identify(/home/ros2-foxy/colcon_ws/src/OUTDOOR_NAV2/botanbot_archived_packages/archived_botanbot_grid_map) by extension 'ignore_ament_install'
[3.382s] Level 1:colcon.colcon_core.package_identification:_identify(/home/ros2-foxy/colcon_ws/src/OUTDOOR_NAV2/botanbot_archived_packages/archived_botanbot_grid_map) by extensions ['colcon_pkg']
[3.382s] Level 1:colcon.colcon_core.package_identification:_identify(/home/ros2-foxy/colcon_ws/src/OUTDOOR_NAV2/botanbot_archived_packages/archived_botanbot_grid_map) by extension 'colcon_pkg'
[3.383s] Level 1:colcon.colcon_core.package_identification:_identify(/home/ros2-foxy/colcon_ws/src/OUTDOOR_NAV2/botanbot_archived_packages/archived_botanbot_grid_map) by extensions ['colcon_meta']
[3.383s] Level 1:colcon.colcon_core.package_identification:_identify(/home/ros2-foxy/colcon_ws/src/OUTDOOR_NAV2/botanbot_archived_packages/archived_botanbot_grid_map) by extension 'colcon_meta'
[3.383s] Level 1:colcon.colcon_core.package_identification:_identify(/home/ros2-foxy/colcon_ws/src/OUTDOOR_NAV2/botanbot_archived_packages/archived_botanbot_grid_map) by extensions ['ros']
[3.384s] Level 1:colcon.colcon_core.package_identification:_identify(/home/ros2-foxy/colcon_ws/src/OUTDOOR_NAV2/botanbot_archived_packages/archived_botanbot_grid_map) by extension 'ros'
[3.400s] DEBUG:colcon.colcon_core.package_identification:Package '/home/ros2-foxy/colcon_ws/src/OUTDOOR_NAV2/botanbot_archived_packages/archived_botanbot_grid_map' with type 'ros.ament_cmake' and name 'archived_botanbot_grid_map'
[3.400s] Level 1:colcon.colcon_core.package_identification:_identify(/home/ros2-foxy/colcon_ws/src/OUTDOOR_NAV2/botanbot_bringup) by extensions ['ignore', 'ignore_ament_install']
[3.401s] Level 1:colcon.colcon_core.package_identification:_identify(/home/ros2-foxy/colcon_ws/src/OUTDOOR_NAV2/botanbot_bringup) by extension 'ignore'
[3.401s] Level 1:colcon.colcon_core.package_identification:_identify(/home/ros2-foxy/colcon_ws/src/OUTDOOR_NAV2/botanbot_bringup) by extension 'ignore_ament_install'
[3.401s] Level 1:colcon.colcon_core.package_identification:_identify(/home/ros2-foxy/colcon_ws/src/OUTDOOR_NAV2/botanbot_bringup) by extensions ['colcon_pkg']
[3.401s] Level 1:colcon.colcon_core.package_identification:_identify(/home/ros2-foxy/colcon_ws/src/OUTDOOR_NAV2/botanbot_bringup) by extension 'colcon_pkg'
[3.401s] Level 1:colcon.colcon_core.package_identification:_identify(/home/ros2-foxy/colcon_ws/src/OUTDOOR_NAV2/botanbot_bringup) by extensions ['colcon_meta']
[3.401s] Level 1:colcon.colcon_core.package_identification:_identify(/home/ros2-foxy/colcon_ws/src/OUTDOOR_NAV2/botanbot_bringup) by extension 'colcon_meta'
[3.402s] Level 1:colcon.colcon_core.package_identification:_identify(/home/ros2-foxy/colcon_ws/src/OUTDOOR_NAV2/botanbot_bringup) by extensions ['ros']
[3.402s] Level 1:colcon.colcon_core.package_identification:_identify(/home/ros2-foxy/colcon_ws/src/OUTDOOR_NAV2/botanbot_bringup) by extension 'ros'
[3.416s] DEBUG:colcon.colcon_core.package_identification:Package '/home/ros2-foxy/colcon_ws/src/OUTDOOR_NAV2/botanbot_bringup' with type 'ros.ament_cmake' and name 'botanbot_bringup'
[3.416s] Level 1:colcon.colcon_core.package_identification:_identify(/home/ros2-foxy/colcon_ws/src/OUTDOOR_NAV2/botanbot_control) by extensions ['ignore', 'ignore_ament_install']
[3.417s] Level 1:colcon.colcon_core.package_identification:_identify(/home/ros2-foxy/colcon_ws/src/OUTDOOR_NAV2/botanbot_control) by extension 'ignore'
[3.417s] Level 1:colcon.colcon_core.package_identification:_identify(/home/ros2-foxy/colcon_ws/src/OUTDOOR_NAV2/botanbot_control) by extension 'ignore_ament_install'
[3.417s] Level 1:colcon.colcon_core.package_identification:_identify(/home/ros2-foxy/colcon_ws/src/OUTDOOR_NAV2/botanbot_control) by extensions ['colcon_pkg']
[3.417s] Level 1:colcon.colcon_core.package_identification:_identify(/home/ros2-foxy/colcon_ws/src/OUTDOOR_NAV2/botanbot_control) by extension 'colcon_pkg'
[3.417s] Level 1:colcon.colcon_core.package_identification:_identify(/home/ros2-foxy/colcon_ws/src/OUTDOOR_NAV2/botanbot_control) by extensions ['colcon_meta']
[3.417s] Level 1:colcon.colcon_core.package_identification:_identify(/home/ros2-foxy/colcon_ws/src/OUTDOOR_NAV2/botanbot_control) by extension 'colcon_meta'
[3.417s] Level 1:colcon.colcon_core.package_identification:_identify(/home/ros2-foxy/colcon_ws/src/OUTDOOR_NAV2/botanbot_control) by extensions ['ros']
[3.417s] Level 1:colcon.colcon_core.package_identification:_identify(/home/ros2-foxy/colcon_ws/src/OUTDOOR_NAV2/botanbot_control) by extension 'ros'
[3.458s] DEBUG:colcon.colcon_core.package_identification:Package '/home/ros2-foxy/colcon_ws/src/OUTDOOR_NAV2/botanbot_control' with type 'ros.ament_cmake' and name 'botanbot_control'
[3.459s] Level 1:colcon.colcon_core.package_identification:_identify(/home/ros2-foxy/colcon_ws/src/OUTDOOR_NAV2/botanbot_description) by extensions ['ignore', 'ignore_ament_install']
[3.460s] Level 1:colcon.colcon_core.package_identification:_identify(/home/ros2-foxy/colcon_ws/src/OUTDOOR_NAV2/botanbot_description) by extension 'ignore'
[3.460s] Level 1:colcon.colcon_core.package_identification:_identify(/home/ros2-foxy/colcon_ws/src/OUTDOOR_NAV2/botanbot_description) by extension 'ignore_ament_install'
[3.460s] Level 1:colcon.colcon_core.package_identification:_identify(/home/ros2-foxy/colcon_ws/src/OUTDOOR_NAV2/botanbot_description) by extensions ['colcon_pkg']
[3.461s] Level 1:colcon.colcon_core.package_identification:_identify(/home/ros2-foxy/colcon_ws/src/OUTDOOR_NAV2/botanbot_description) by extension 'colcon_pkg'
[3.461s] Level 1:colcon.colcon_core.package_identification:_identify(/home/ros2-foxy/colcon_ws/src/OUTDOOR_NAV2/botanbot_description) by extensions ['colcon_meta']
[3.461s] Level 1:colcon.colcon_core.package_identification:_identify(/home/ros2-foxy/colcon_ws/src/OUTDOOR_NAV2/botanbot_description) by extension 'colcon_meta'
[3.462s] Level 1:colcon.colcon_core.package_identification:_identify(/home/ros2-foxy/colcon_ws/src/OUTDOOR_NAV2/botanbot_description) by extensions ['ros']
[3.462s] Level 1:colcon.colcon_core.package_identification:_identify(/home/ros2-foxy/colcon_ws/src/OUTDOOR_NAV2/botanbot_description) by extension 'ros'
[3.474s] DEBUG:colcon.colcon_core.package_identification:Package '/home/ros2-foxy/colcon_ws/src/OUTDOOR_NAV2/botanbot_description' with type 'ros.ament_cmake' and name 'botanbot_description'
[3.475s] Level 1:colcon.colcon_core.package_identification:_identify(/home/ros2-foxy/colcon_ws/src/OUTDOOR_NAV2/botanbot_gazebo) by extensions ['ignore', 'ignore_ament_install']
[3.476s] Level 1:colcon.colcon_core.package_identification:_identify(/home/ros2-foxy/colcon_ws/src/OUTDOOR_NAV2/botanbot_gazebo) by extension 'ignore'
[3.476s] Level 1:colcon.colcon_core.package_identification:_identify(/home/ros2-foxy/colcon_ws/src/OUTDOOR_NAV2/botanbot_gazebo) by extension 'ignore_ament_install'
[3.477s] Level 1:colcon.colcon_core.package_identification:_identify(/home/ros2-foxy/colcon_ws/src/OUTDOOR_NAV2/botanbot_gazebo) by extensions ['colcon_pkg']
[3.477s] Level 1:colcon.colcon_core.package_identification:_identify(/home/ros2-foxy/colcon_ws/src/OUTDOOR_NAV2/botanbot_gazebo) by extension 'colcon_pkg'
[3.477s] Level 1:colcon.colcon_core.package_identification:_identify(/home/ros2-foxy/colcon_ws/src/OUTDOOR_NAV2/botanbot_gazebo) by extensions ['colcon_meta']
[3.477s] Level 1:colcon.colcon_core.package_identification:_identify(/home/ros2-foxy/colcon_ws/src/OUTDOOR_NAV2/botanbot_gazebo) by extension 'colcon_meta'
[3.478s] Level 1:colcon.colcon_core.package_identification:_identify(/home/ros2-foxy/colcon_ws/src/OUTDOOR_NAV2/botanbot_gazebo) by extensions ['ros']
[3.478s] Level 1:colcon.colcon_core.package_identification:_identify(/home/ros2-foxy/colcon_ws/src/OUTDOOR_NAV2/botanbot_gazebo) by extension 'ros'
[3.501s] DEBUG:colcon.colcon_core.package_identification:Package '/home/ros2-foxy/colcon_ws/src/OUTDOOR_NAV2/botanbot_gazebo' with type 'ros.ament_cmake' and name 'botanbot_gazebo'
[3.501s] Level 1:colcon.colcon_core.package_identification:_identify(/home/ros2-foxy/colcon_ws/src/OUTDOOR_NAV2/botanbot_gui) by extensions ['ignore', 'ignore_ament_install']
[3.502s] Level 1:colcon.colcon_core.package_identification:_identify(/home/ros2-foxy/colcon_ws/src/OUTDOOR_NAV2/botanbot_gui) by extension 'ignore'
[3.502s] Level 1:colcon.colcon_core.package_identification:_identify(/home/ros2-foxy/colcon_ws/src/OUTDOOR_NAV2/botanbot_gui) by extension 'ignore_ament_install'
[3.502s] Level 1:colcon.colcon_core.package_identification:_identify(/home/ros2-foxy/colcon_ws/src/OUTDOOR_NAV2/botanbot_gui) by extensions ['colcon_pkg']
[3.502s] Level 1:colcon.colcon_core.package_identification:_identify(/home/ros2-foxy/colcon_ws/src/OUTDOOR_NAV2/botanbot_gui) by extension 'colcon_pkg'
[3.502s] Level 1:colcon.colcon_core.package_identification:_identify(/home/ros2-foxy/colcon_ws/src/OUTDOOR_NAV2/botanbot_gui) by extensions ['colcon_meta']
[3.503s] Level 1:colcon.colcon_core.package_identification:_identify(/home/ros2-foxy/colcon_ws/src/OUTDOOR_NAV2/botanbot_gui) by extension 'colcon_meta'
[3.503s] Level 1:colcon.colcon_core.package_identification:_identify(/home/ros2-foxy/colcon_ws/src/OUTDOOR_NAV2/botanbot_gui) by extensions ['ros']
[3.503s] Level 1:colcon.colcon_core.package_identification:_identify(/home/ros2-foxy/colcon_ws/src/OUTDOOR_NAV2/botanbot_gui) by extension 'ros'
[3.530s] DEBUG:colcon.colcon_core.package_identification:Package '/home/ros2-foxy/colcon_ws/src/OUTDOOR_NAV2/botanbot_gui' with type 'ros.ament_cmake' and name 'botanbot_gui'
[3.531s] Level 1:colcon.colcon_core.package_identification:_identify(/home/ros2-foxy/colcon_ws/src/OUTDOOR_NAV2/botanbot_map_server) by extensions ['ignore', 'ignore_ament_install']
[3.531s] Level 1:colcon.colcon_core.package_identification:_identify(/home/ros2-foxy/colcon_ws/src/OUTDOOR_NAV2/botanbot_map_server) by extension 'ignore'
[3.531s] Level 1:colcon.colcon_core.package_identification:_identify(/home/ros2-foxy/colcon_ws/src/OUTDOOR_NAV2/botanbot_map_server) by extension 'ignore_ament_install'
[3.532s] Level 1:colcon.colcon_core.package_identification:_identify(/home/ros2-foxy/colcon_ws/src/OUTDOOR_NAV2/botanbot_map_server) by extensions ['colcon_pkg']
[3.532s] Level 1:colcon.colcon_core.package_identification:_identify(/home/ros2-foxy/colcon_ws/src/OUTDOOR_NAV2/botanbot_map_server) by extension 'colcon_pkg'
[3.532s] Level 1:colcon.colcon_core.package_identification:_identify(/home/ros2-foxy/colcon_ws/src/OUTDOOR_NAV2/botanbot_map_server) by extensions ['colcon_meta']
[3.532s] Level 1:colcon.colcon_core.package_identification:_identify(/home/ros2-foxy/colcon_ws/src/OUTDOOR_NAV2/botanbot_map_server) by extension 'colcon_meta'
[3.532s] Level 1:colcon.colcon_core.package_identification:_identify(/home/ros2-foxy/colcon_ws/src/OUTDOOR_NAV2/botanbot_map_server) by extensions ['ros']
[3.532s] Level 1:colcon.colcon_core.package_identification:_identify(/home/ros2-foxy/colcon_ws/src/OUTDOOR_NAV2/botanbot_map_server) by extension 'ros'
[3.544s] DEBUG:colcon.colcon_core.package_identification:Package '/home/ros2-foxy/colcon_ws/src/OUTDOOR_NAV2/botanbot_map_server' with type 'ros.ament_cmake' and name 'botanbot_map_server'
[3.544s] Level 1:colcon.colcon_core.package_identification:_identify(/home/ros2-foxy/colcon_ws/src/OUTDOOR_NAV2/botanbot_msgs) by extensions ['ignore', 'ignore_ament_install']
[3.545s] Level 1:colcon.colcon_core.package_identification:_identify(/home/ros2-foxy/colcon_ws/src/OUTDOOR_NAV2/botanbot_msgs) by extension 'ignore'
[3.545s] Level 1:colcon.colcon_core.package_identification:_identify(/home/ros2-foxy/colcon_ws/src/OUTDOOR_NAV2/botanbot_msgs) by extension 'ignore_ament_install'
[3.545s] Level 1:colcon.colcon_core.package_identification:_identify(/home/ros2-foxy/colcon_ws/src/OUTDOOR_NAV2/botanbot_msgs) by extensions ['colcon_pkg']
[3.545s] Level 1:colcon.colcon_core.package_identification:_identify(/home/ros2-foxy/colcon_ws/src/OUTDOOR_NAV2/botanbot_msgs) by extension 'colcon_pkg'
[3.545s] Level 1:colcon.colcon_core.package_identification:_identify(/home/ros2-foxy/colcon_ws/src/OUTDOOR_NAV2/botanbot_msgs) by extensions ['colcon_meta']
[3.545s] Level 1:colcon.colcon_core.package_identification:_identify(/home/ros2-foxy/colcon_ws/src/OUTDOOR_NAV2/botanbot_msgs) by extension 'colcon_meta'
[3.546s] Level 1:colcon.colcon_core.package_identification:_identify(/home/ros2-foxy/colcon_ws/src/OUTDOOR_NAV2/botanbot_msgs) by extensions ['ros']
[3.546s] Level 1:colcon.colcon_core.package_identification:_identify(/home/ros2-foxy/colcon_ws/src/OUTDOOR_NAV2/botanbot_msgs) by extension 'ros'
[3.563s] DEBUG:colcon.colcon_core.package_identification:Package '/home/ros2-foxy/colcon_ws/src/OUTDOOR_NAV2/botanbot_msgs' with type 'ros.ament_cmake' and name 'botanbot_msgs'
[3.563s] Level 1:colcon.colcon_core.package_identification:_identify(/home/ros2-foxy/colcon_ws/src/OUTDOOR_NAV2/botanbot_openvslam) by extensions ['ignore', 'ignore_ament_install']
[3.563s] Level 1:colcon.colcon_core.package_identification:_identify(/home/ros2-foxy/colcon_ws/src/OUTDOOR_NAV2/botanbot_openvslam) by extension 'ignore'
[3.563s] Level 1:colcon.colcon_core.package_identification:_identify(/home/ros2-foxy/colcon_ws/src/OUTDOOR_NAV2/botanbot_openvslam) by extension 'ignore_ament_install'
[3.564s] Level 1:colcon.colcon_core.package_identification:_identify(/home/ros2-foxy/colcon_ws/src/OUTDOOR_NAV2/botanbot_openvslam) by extensions ['colcon_pkg']
[3.564s] Level 1:colcon.colcon_core.package_identification:_identify(/home/ros2-foxy/colcon_ws/src/OUTDOOR_NAV2/botanbot_openvslam) by extension 'colcon_pkg'
[3.564s] Level 1:colcon.colcon_core.package_identification:_identify(/home/ros2-foxy/colcon_ws/src/OUTDOOR_NAV2/botanbot_openvslam) by extensions ['colcon_meta']
[3.564s] Level 1:colcon.colcon_core.package_identification:_identify(/home/ros2-foxy/colcon_ws/src/OUTDOOR_NAV2/botanbot_openvslam) by extension 'colcon_meta'
[3.564s] Level 1:colcon.colcon_core.package_identification:_identify(/home/ros2-foxy/colcon_ws/src/OUTDOOR_NAV2/botanbot_openvslam) by extensions ['ros']
[3.564s] Level 1:colcon.colcon_core.package_identification:_identify(/home/ros2-foxy/colcon_ws/src/OUTDOOR_NAV2/botanbot_openvslam) by extension 'ros'
[3.572s] DEBUG:colcon.colcon_core.package_identification:Package '/home/ros2-foxy/colcon_ws/src/OUTDOOR_NAV2/botanbot_openvslam' with type 'ros.ament_cmake' and name 'botanbot_openvslam'
[3.573s] Level 1:colcon.colcon_core.package_identification:_identify(/home/ros2-foxy/colcon_ws/src/OUTDOOR_NAV2/botanbot_planning) by extensions ['ignore', 'ignore_ament_install']
[3.573s] Level 1:colcon.colcon_core.package_identification:_identify(/home/ros2-foxy/colcon_ws/src/OUTDOOR_NAV2/botanbot_planning) by extension 'ignore'
[3.573s] Level 1:colcon.colcon_core.package_identification:_identify(/home/ros2-foxy/colcon_ws/src/OUTDOOR_NAV2/botanbot_planning) by extension 'ignore_ament_install'
[3.573s] Level 1:colcon.colcon_core.package_identification:_identify(/home/ros2-foxy/colcon_ws/src/OUTDOOR_NAV2/botanbot_planning) by extensions ['colcon_pkg']
[3.573s] Level 1:colcon.colcon_core.package_identification:_identify(/home/ros2-foxy/colcon_ws/src/OUTDOOR_NAV2/botanbot_planning) by extension 'colcon_pkg'
[3.573s] Level 1:colcon.colcon_core.package_identification:_identify(/home/ros2-foxy/colcon_ws/src/OUTDOOR_NAV2/botanbot_planning) by extensions ['colcon_meta']
[3.573s] Level 1:colcon.colcon_core.package_identification:_identify(/home/ros2-foxy/colcon_ws/src/OUTDOOR_NAV2/botanbot_planning) by extension 'colcon_meta'
[3.574s] Level 1:colcon.colcon_core.package_identification:_identify(/home/ros2-foxy/colcon_ws/src/OUTDOOR_NAV2/botanbot_planning) by extensions ['ros']
[3.574s] Level 1:colcon.colcon_core.package_identification:_identify(/home/ros2-foxy/colcon_ws/src/OUTDOOR_NAV2/botanbot_planning) by extension 'ros'
[3.577s] DEBUG:colcon.colcon_core.package_identification:Package '/home/ros2-foxy/colcon_ws/src/OUTDOOR_NAV2/botanbot_planning' with type 'ros.ament_cmake' and name 'botanbot_planning'
[3.577s] Level 1:colcon.colcon_core.package_identification:_identify(/home/ros2-foxy/colcon_ws/src/OUTDOOR_NAV2/botanbot_pose_navigator) by extensions ['ignore', 'ignore_ament_install']
[3.577s] Level 1:colcon.colcon_core.package_identification:_identify(/home/ros2-foxy/colcon_ws/src/OUTDOOR_NAV2/botanbot_pose_navigator) by extension 'ignore'
[3.577s] Level 1:colcon.colcon_core.package_identification:_identify(/home/ros2-foxy/colcon_ws/src/OUTDOOR_NAV2/botanbot_pose_navigator) by extension 'ignore_ament_install'
[3.578s] Level 1:colcon.colcon_core.package_identification:_identify(/home/ros2-foxy/colcon_ws/src/OUTDOOR_NAV2/botanbot_pose_navigator) by extensions ['colcon_pkg']
[3.578s] Level 1:colcon.colcon_core.package_identification:_identify(/home/ros2-foxy/colcon_ws/src/OUTDOOR_NAV2/botanbot_pose_navigator) by extension 'colcon_pkg'
[3.578s] Level 1:colcon.colcon_core.package_identification:_identify(/home/ros2-foxy/colcon_ws/src/OUTDOOR_NAV2/botanbot_pose_navigator) by extensions ['colcon_meta']
[3.578s] Level 1:colcon.colcon_core.package_identification:_identify(/home/ros2-foxy/colcon_ws/src/OUTDOOR_NAV2/botanbot_pose_navigator) by extension 'colcon_meta'
[3.578s] Level 1:colcon.colcon_core.package_identification:_identify(/home/ros2-foxy/colcon_ws/src/OUTDOOR_NAV2/botanbot_pose_navigator) by extensions ['ros']
[3.578s] Level 1:colcon.colcon_core.package_identification:_identify(/home/ros2-foxy/colcon_ws/src/OUTDOOR_NAV2/botanbot_pose_navigator) by extension 'ros'
[3.602s] DEBUG:colcon.colcon_core.package_identification:Package '/home/ros2-foxy/colcon_ws/src/OUTDOOR_NAV2/botanbot_pose_navigator' with type 'ros.ament_cmake' and name 'botanbot_pose_navigator'
[3.602s] Level 1:colcon.colcon_core.package_identification:_identify(/home/ros2-foxy/colcon_ws/src/OUTDOOR_NAV2/botanbot_robot_localization) by extensions ['ignore', 'ignore_ament_install']
[3.602s] Level 1:colcon.colcon_core.package_identification:_identify(/home/ros2-foxy/colcon_ws/src/OUTDOOR_NAV2/botanbot_robot_localization) by extension 'ignore'
[3.603s] Level 1:colcon.colcon_core.package_identification:_identify(/home/ros2-foxy/colcon_ws/src/OUTDOOR_NAV2/botanbot_robot_localization) by extension 'ignore_ament_install'
[3.603s] Level 1:colcon.colcon_core.package_identification:_identify(/home/ros2-foxy/colcon_ws/src/OUTDOOR_NAV2/botanbot_robot_localization) by extensions ['colcon_pkg']
[3.603s] Level 1:colcon.colcon_core.package_identification:_identify(/home/ros2-foxy/colcon_ws/src/OUTDOOR_NAV2/botanbot_robot_localization) by extension 'colcon_pkg'
[3.603s] Level 1:colcon.colcon_core.package_identification:_identify(/home/ros2-foxy/colcon_ws/src/OUTDOOR_NAV2/botanbot_robot_localization) by extensions ['colcon_meta']
[3.603s] Level 1:colcon.colcon_core.package_identification:_identify(/home/ros2-foxy/colcon_ws/src/OUTDOOR_NAV2/botanbot_robot_localization) by extension 'colcon_meta'
[3.603s] Level 1:colcon.colcon_core.package_identification:_identify(/home/ros2-foxy/colcon_ws/src/OUTDOOR_NAV2/botanbot_robot_localization) by extensions ['ros']
[3.603s] Level 1:colcon.colcon_core.package_identification:_identify(/home/ros2-foxy/colcon_ws/src/OUTDOOR_NAV2/botanbot_robot_localization) by extension 'ros'
[3.627s] DEBUG:colcon.colcon_core.package_identification:Package '/home/ros2-foxy/colcon_ws/src/OUTDOOR_NAV2/botanbot_robot_localization' with type 'ros.ament_cmake' and name 'botanbot_robot_localization'
[3.628s] Level 1:colcon.colcon_core.package_identification:_identify(/home/ros2-foxy/colcon_ws/src/OUTDOOR_NAV2/botanbot_utilities) by extensions ['ignore', 'ignore_ament_install']
[3.628s] Level 1:colcon.colcon_core.package_identification:_identify(/home/ros2-foxy/colcon_ws/src/OUTDOOR_NAV2/botanbot_utilities) by extension 'ignore'
[3.628s] Level 1:colcon.colcon_core.package_identification:_identify(/home/ros2-foxy/colcon_ws/src/OUTDOOR_NAV2/botanbot_utilities) by extension 'ignore_ament_install'
[3.628s] Level 1:colcon.colcon_core.package_identification:_identify(/home/ros2-foxy/colcon_ws/src/OUTDOOR_NAV2/botanbot_utilities) by extensions ['colcon_pkg']
[3.628s] Level 1:colcon.colcon_core.package_identification:_identify(/home/ros2-foxy/colcon_ws/src/OUTDOOR_NAV2/botanbot_utilities) by extension 'colcon_pkg'
[3.628s] Level 1:colcon.colcon_core.package_identification:_identify(/home/ros2-foxy/colcon_ws/src/OUTDOOR_NAV2/botanbot_utilities) by extensions ['colcon_meta']
[3.628s] Level 1:colcon.colcon_core.package_identification:_identify(/home/ros2-foxy/colcon_ws/src/OUTDOOR_NAV2/botanbot_utilities) by extension 'colcon_meta'
[3.629s] Level 1:colcon.colcon_core.package_identification:_identify(/home/ros2-foxy/colcon_ws/src/OUTDOOR_NAV2/botanbot_utilities) by extensions ['ros']
[3.629s] Level 1:colcon.colcon_core.package_identification:_identify(/home/ros2-foxy/colcon_ws/src/OUTDOOR_NAV2/botanbot_utilities) by extension 'ros'
[3.639s] DEBUG:colcon.colcon_core.package_identification:Package '/home/ros2-foxy/colcon_ws/src/OUTDOOR_NAV2/botanbot_utilities' with type 'ros.ament_cmake' and name 'botanbot_utilities'
[3.639s] Level 1:colcon.colcon_core.package_identification:_identify(/home/ros2-foxy/colcon_ws/src/OUTDOOR_NAV2/log) by extensions ['ignore', 'ignore_ament_install']
[3.639s] Level 1:colcon.colcon_core.package_identification:_identify(/home/ros2-foxy/colcon_ws/src/OUTDOOR_NAV2/log) by extension 'ignore'
[3.639s] Level 1:colcon.colcon_core.package_identification:_identify(/home/ros2-foxy/colcon_ws/src/OUTDOOR_NAV2/log) ignored
[3.639s] Level 1:colcon.colcon_core.package_discovery:discover_packages(recursive) using defaults
